{"/Users/giangsoda/Documents/GitHub/calendar/app/frontend/utils/lunar-calendar.ts": {"path":"/Users/giangsoda/Documents/GitHub/calendar/app/frontend/utils/lunar-calendar.ts","statementMap":{"0":{"start":{"line":23,"column":23},"end":{"line":23,"column":null}},"1":{"start":{"line":24,"column":25},"end":{"line":24,"column":null}},"2":{"start":{"line":31,"column":27},"end":{"line":33,"column":null}},"3":{"start":{"line":32,"column":2},"end":{"line":32,"column":null}},"4":{"start":{"line":40,"column":29},"end":{"line":42,"column":null}},"5":{"start":{"line":41,"column":2},"end":{"line":41,"column":null}},"6":{"start":{"line":80,"column":2},"end":{"line":80,"column":null}},"7":{"start":{"line":94,"column":20},"end":{"line":94,"column":null}},"8":{"start":{"line":95,"column":2},"end":{"line":95,"column":null}},"9":{"start":{"line":112,"column":2},"end":{"line":112,"column":null}},"10":{"start":{"line":126,"column":2},"end":{"line":126,"column":null}},"11":{"start":{"line":144,"column":2},"end":{"line":144,"column":null}},"12":{"start":{"line":144,"column":14},"end":{"line":144,"column":null}},"13":{"start":{"line":145,"column":25},"end":{"line":145,"column":null}},"14":{"start":{"line":146,"column":2},"end":{"line":146,"column":null}},"15":{"start":{"line":187,"column":20},"end":{"line":187,"column":null}},"16":{"start":{"line":188,"column":23},"end":{"line":188,"column":null}},"17":{"start":{"line":191,"column":8},"end":{"line":191,"column":null}},"18":{"start":{"line":193,"column":32},"end":{"line":193,"column":null}},"19":{"start":{"line":197,"column":2},"end":{"line":199,"column":null}},"20":{"start":{"line":197,"column":15},"end":{"line":197,"column":18}},"21":{"start":{"line":198,"column":4},"end":{"line":198,"column":null}},"22":{"start":{"line":202,"column":2},"end":{"line":209,"column":null}},"23":{"start":{"line":202,"column":15},"end":{"line":202,"column":18}},"24":{"start":{"line":203,"column":15},"end":{"line":203,"column":null}},"25":{"start":{"line":204,"column":16},"end":{"line":204,"column":null}},"26":{"start":{"line":206,"column":18},"end":{"line":206,"column":null}},"27":{"start":{"line":207,"column":25},"end":{"line":207,"column":null}},"28":{"start":{"line":208,"column":4},"end":{"line":208,"column":null}},"29":{"start":{"line":213,"column":20},"end":{"line":213,"column":null}},"30":{"start":{"line":214,"column":23},"end":{"line":214,"column":null}},"31":{"start":{"line":217,"column":2},"end":{"line":219,"column":null}},"32":{"start":{"line":218,"column":4},"end":{"line":218,"column":null}},"33":{"start":{"line":222,"column":20},"end":{"line":222,"column":null}},"34":{"start":{"line":223,"column":33},"end":{"line":223,"column":null}},"35":{"start":{"line":224,"column":2},"end":{"line":226,"column":null}},"36":{"start":{"line":224,"column":15},"end":{"line":224,"column":18}},"37":{"start":{"line":225,"column":4},"end":{"line":225,"column":null}},"38":{"start":{"line":227,"column":2},"end":{"line":227,"column":null}}},"fnMap":{"0":{"name":"(anonymous_0)","decl":{"start":{"line":31,"column":54},"end":{"line":31,"column":55}},"loc":{"start":{"line":32,"column":2},"end":{"line":32,"column":null}},"line":32},"1":{"name":"(anonymous_1)","decl":{"start":{"line":40,"column":55},"end":{"line":40,"column":56}},"loc":{"start":{"line":41,"column":2},"end":{"line":41,"column":null}},"line":41},"2":{"name":"dateToISO","decl":{"start":{"line":79,"column":16},"end":{"line":79,"column":26}},"loc":{"start":{"line":79,"column":43},"end":{"line":81,"column":null}},"line":79},"3":{"name":"isoToDate","decl":{"start":{"line":93,"column":16},"end":{"line":93,"column":26}},"loc":{"start":{"line":93,"column":45},"end":{"line":96,"column":null}},"line":93},"4":{"name":"daysInMonth","decl":{"start":{"line":111,"column":16},"end":{"line":111,"column":28}},"loc":{"start":{"line":111,"column":65},"end":{"line":113,"column":null}},"line":111},"5":{"name":"formatShortDate","decl":{"start":{"line":125,"column":16},"end":{"line":125,"column":32}},"loc":{"start":{"line":125,"column":49},"end":{"line":127,"column":null}},"line":125},"6":{"name":"getLunarDayMonth","decl":{"start":{"line":141,"column":16},"end":{"line":141,"column":null}},"loc":{"start":{"line":143,"column":17},"end":{"line":147,"column":null}},"line":143},"7":{"name":"buildCalendarGrid","decl":{"start":{"line":183,"column":16},"end":{"line":183,"column":null}},"loc":{"start":{"line":186,"column":20},"end":{"line":228,"column":null}},"line":186}},"branchMap":{"0":{"loc":{"start":{"line":144,"column":2},"end":{"line":144,"column":null}},"type":"if","locations":[{"start":{"line":144,"column":2},"end":{"line":144,"column":null}},{"start":{},"end":{}}],"line":144},"1":{"loc":{"start":{"line":214,"column":23},"end":{"line":214,"column":null}},"type":"cond-expr","locations":[{"start":{"line":214,"column":41},"end":{"line":214,"column":46}},{"start":{"line":214,"column":46},"end":{"line":214,"column":null}}],"line":214}},"s":{"0":1,"1":1,"2":1,"3":12,"4":1,"5":7,"6":0,"7":3,"8":3,"9":0,"10":0,"11":0,"12":0,"13":0,"14":0,"15":0,"16":0,"17":0,"18":0,"19":0,"20":0,"21":0,"22":0,"23":0,"24":0,"25":0,"26":0,"27":0,"28":0,"29":0,"30":0,"31":0,"32":0,"33":0,"34":0,"35":0,"36":0,"37":0,"38":0},"f":{"0":12,"1":7,"2":0,"3":3,"4":0,"5":0,"6":0,"7":0},"b":{"0":[0,0],"1":[0,0]},"meta":{"lastBranch":2,"lastFunction":8,"lastStatement":39,"seen":{"s:23:23:23:Infinity":0,"s:24:25:24:Infinity":1,"s:31:27:33:Infinity":2,"f:31:54:31:55":0,"s:32:2:32:Infinity":3,"s:40:29:42:Infinity":4,"f:40:55:40:56":1,"s:41:2:41:Infinity":5,"f:79:16:79:26":2,"s:80:2:80:Infinity":6,"f:93:16:93:26":3,"s:94:20:94:Infinity":7,"s:95:2:95:Infinity":8,"f:111:16:111:28":4,"s:112:2:112:Infinity":9,"f:125:16:125:32":5,"s:126:2:126:Infinity":10,"f:141:16:141:Infinity":6,"b:144:2:144:Infinity:undefined:undefined:undefined:undefined":0,"s:144:2:144:Infinity":11,"s:144:14:144:Infinity":12,"s:145:25:145:Infinity":13,"s:146:2:146:Infinity":14,"f:183:16:183:Infinity":7,"s:187:20:187:Infinity":15,"s:188:23:188:Infinity":16,"s:191:8:191:Infinity":17,"s:193:32:193:Infinity":18,"s:197:2:199:Infinity":19,"s:197:15:197:18":20,"s:198:4:198:Infinity":21,"s:202:2:209:Infinity":22,"s:202:15:202:18":23,"s:203:15:203:Infinity":24,"s:204:16:204:Infinity":25,"s:206:18:206:Infinity":26,"s:207:25:207:Infinity":27,"s:208:4:208:Infinity":28,"s:213:20:213:Infinity":29,"s:214:23:214:Infinity":30,"b:214:41:214:46:214:46:214:Infinity":1,"s:217:2:219:Infinity":31,"s:218:4:218:Infinity":32,"s:222:20:222:Infinity":33,"s:223:33:223:Infinity":34,"s:224:2:226:Infinity":35,"s:224:15:224:18":36,"s:225:4:225:Infinity":37,"s:227:2:227:Infinity":38}}}
}
