TN:
SF:app/frontend/utils/lunar-calendar.ts
FN:31,(anonymous_0)
FN:40,(anonymous_1)
FN:79,dateToISO
FN:93,isoToDate
FN:111,daysInMonth
FN:125,formatShortDate
FN:141,getLunarDayMonth
FN:183,buildCalendarGrid
FNF:8
FNH:3
FNDA:12,(anonymous_0)
FNDA:7,(anonymous_1)
FNDA:0,dateToISO
FNDA:3,isoToDate
FNDA:0,daysInMonth
FNDA:0,formatShortDate
FNDA:0,getLunarDayMonth
FNDA:0,buildCalendarGrid
DA:23,1
DA:24,1
DA:31,1
DA:32,12
DA:40,1
DA:41,7
DA:80,0
DA:94,3
DA:95,3
DA:112,0
DA:126,0
DA:144,0
DA:145,0
DA:146,0
DA:187,0
DA:188,0
DA:191,0
DA:193,0
DA:197,0
DA:198,0
DA:202,0
DA:203,0
DA:204,0
DA:206,0
DA:207,0
DA:208,0
DA:213,0
DA:214,0
DA:217,0
DA:218,0
DA:222,0
DA:223,0
DA:224,0
DA:225,0
DA:227,0
LF:35
LH:8
BRDA:144,0,0,0
BRDA:144,0,1,0
BRDA:214,1,0,0
BRDA:214,1,1,0
BRF:4
BRH:0
end_of_record
